# JRE version: OpenJDK Runtime Environment (8.0_152-b01) (build 1.8.0_152-release-915-b01)
# Java VM: OpenJDK 64-Bit Server VM (25.152-b01 mixed mode windows-amd64 compressed oops)
Heap:
 PSYoungGen      total 236544K, used 104026K [0x00000000e0000000, 0x00000000f3580000, 0x0000000100000000)
  eden space 203776K, 41% used [0x00000000e0000000,0x00000000e51c4640,0x00000000ec700000)
  from space 32768K, 61% used [0x00000000ec700000,0x00000000edad2350,0x00000000ee700000)
  to   space 32768K, 0% used [0x00000000f1580000,0x00000000f1580000,0x00000000f3580000)
 ParOldGen       total 236032K, used 57598K [0x00000000a0000000, 0x00000000ae680000, 0x00000000e0000000)
  object space 236032K, 24% used [0x00000000a0000000,0x00000000a383fa70,0x00000000ae680000)
 Metaspace       used 100346K, capacity 109596K, committed 109644K, reserved 1144832K
  class space    used 12880K, capacity 14973K, committed 14976K, reserved 1048576K
GC Heap History (10 events):
Event: 9165.751 GC heap before
{Heap before GC invocations=33 (full 4):
 PSYoungGen      total 228352K, used 208397K [0x00000000e0000000, 0x00000000efe80000, 0x0000000100000000)
  eden space 198144K, 100% used [0x00000000e0000000,0x00000000ec180000,0x00000000ec180000)
  from space 30208K, 33% used [0x00000000ee100000,0x00000000eeb03720,0x00000000efe80000)
  to   space 31232K, 0% used [0x00000000ec180000,0x00000000ec180000,0x00000000ee000000)
 ParOldGen       total 236032K, used 57558K [0x00000000a0000000, 0x00000000ae680000, 0x00000000e0000000)
  object space 236032K, 24% used [0x00000000a0000000,0x00000000a3835a70,0x00000000ae680000)
 Metaspace       used 92003K, capacity 99464K, committed 99660K, reserved 1134592K
  class space    used 11795K, capacity 13625K, committed 13696K, reserved 1048576K
Event: 9165.764 GC heap after
Heap after GC invocations=33 (full 4):
 PSYoungGen      total 229376K, used 8269K [0x00000000e0000000, 0x00000000f0380000, 0x0000000100000000)
  eden space 198144K, 0% used [0x00000000e0000000,0x00000000e0000000,0x00000000ec180000)
  from space 31232K, 26% used [0x00000000ec180000,0x00000000ec9936f0,0x00000000ee000000)
  to   space 30720K, 0% used [0x00000000ee580000,0x00000000ee580000,0x00000000f0380000)
 ParOldGen       total 236032K, used 57566K [0x00000000a0000000, 0x00000000ae680000, 0x00000000e0000000)
  object space 236032K, 24% used [0x00000000a0000000,0x00000000a3837a70,0x00000000ae680000)
 Metaspace       used 92003K, capacity 99464K, committed 99660K, reserved 1134592K
  class space    used 11795K, capacity 13625K, committed 13696K, reserved 1048576K
}
Event: 10553.494 GC heap before
{Heap before GC invocations=34 (full 4):
 PSYoungGen      total 229376K, used 206413K [0x00000000e0000000, 0x00000000f0380000, 0x0000000100000000)
  eden space 198144K, 100% used [0x00000000e0000000,0x00000000ec180000,0x00000000ec180000)
  from space 31232K, 26% used [0x00000000ec180000,0x00000000ec9936f0,0x00000000ee000000)
  to   space 30720K, 0% used [0x00000000ee580000,0x00000000ee580000,0x00000000f0380000)
 ParOldGen       total 236032K, used 57566K [0x00000000a0000000, 0x00000000ae680000, 0x00000000e0000000)
  object space 236032K, 24% used [0x00000000a0000000,0x00000000a3837a70,0x00000000ae680000)
 Metaspace       used 92923K, capacity 101592K, committed 101708K, reserved 1136640K
  class space    used 11958K, capacity 13943K, committed 13952K, reserved 1048576K
Event: 10553.526 GC heap after
Heap after GC invocations=34 (full 4):
 PSYoungGen      total 229888K, used 7036K [0x00000000e0000000, 0x00000000f0000000, 0x0000000100000000)
  eden space 202752K, 0% used [0x00000000e0000000,0x00000000e0000000,0x00000000ec600000)
  from space 27136K, 25% used [0x00000000ee580000,0x00000000eec5f240,0x00000000f0000000)
  to   space 29696K, 0% used [0x00000000ec600000,0x00000000ec600000,0x00000000ee300000)
 ParOldGen       total 236032K, used 57574K [0x00000000a0000000, 0x00000000ae680000, 0x00000000e0000000)
  object space 236032K, 24% used [0x00000000a0000000,0x00000000a3839a70,0x00000000ae680000)
 Metaspace       used 92923K, capacity 101592K, committed 101708K, reserved 1136640K
  class space    used 11958K, capacity 13943K, committed 13952K, reserved 1048576K
}
Event: 12253.392 GC heap before
{Heap before GC invocations=35 (full 4):
 PSYoungGen      total 229888K, used 209788K [0x00000000e0000000, 0x00000000f0000000, 0x0000000100000000)
  eden space 202752K, 100% used [0x00000000e0000000,0x00000000ec600000,0x00000000ec600000)
  from space 27136K, 25% used [0x00000000ee580000,0x00000000eec5f240,0x00000000f0000000)
  to   space 29696K, 0% used [0x00000000ec600000,0x00000000ec600000,0x00000000ee300000)
 ParOldGen       total 236032K, used 57574K [0x00000000a0000000, 0x00000000ae680000, 0x00000000e0000000)
  object space 236032K, 24% used [0x00000000a0000000,0x00000000a3839a70,0x00000000ae680000)
 Metaspace       used 97347K, capacity 106252K, committed 106572K, reserved 1140736K
  class space    used 12546K, capacity 14597K, committed 14720K, reserved 1048576K
Event: 12253.431 GC heap after
Heap after GC invocations=35 (full 4):
 PSYoungGen      total 232448K, used 18684K [0x00000000e0000000, 0x00000000f0480000, 0x0000000100000000)
  eden space 202752K, 0% used [0x00000000e0000000,0x00000000e0000000,0x00000000ec600000)
  from space 29696K, 62% used [0x00000000ec600000,0x00000000ed83f168,0x00000000ee300000)
  to   space 30208K, 0% used [0x00000000ee700000,0x00000000ee700000,0x00000000f0480000)
 ParOldGen       total 236032K, used 57582K [0x00000000a0000000, 0x00000000ae680000, 0x00000000e0000000)
  object space 236032K, 24% used [0x00000000a0000000,0x00000000a383ba70,0x00000000ae680000)
 Metaspace       used 97347K, capacity 106252K, committed 106572K, reserved 1140736K
  class space    used 12546K, capacity 14597K, committed 14720K, reserved 1048576K
}
Event: 12261.507 GC heap before
{Heap before GC invocations=36 (full 4):
 PSYoungGen      total 232448K, used 220973K [0x00000000e0000000, 0x00000000f0480000, 0x0000000100000000)
  eden space 202752K, 99% used [0x00000000e0000000,0x00000000ec58c2f0,0x00000000ec600000)
  from space 29696K, 62% used [0x00000000ec600000,0x00000000ed83f168,0x00000000ee300000)
  to   space 30208K, 0% used [0x00000000ee700000,0x00000000ee700000,0x00000000f0480000)
 ParOldGen       total 236032K, used 57582K [0x00000000a0000000, 0x00000000ae680000, 0x00000000e0000000)
  object space 236032K, 24% used [0x00000000a0000000,0x00000000a383ba70,0x00000000ae680000)
 Metaspace       used 99857K, capacity 108986K, committed 109132K, reserved 1142784K
  class space    used 12795K, capacity 14860K, committed 14976K, reserved 1048576K
Event: 12261.565 GC heap after
Heap after GC invocations=36 (full 4):
 PSYoungGen      total 233984K, used 23441K [0x00000000e0000000, 0x00000000f1080000, 0x0000000100000000)
  eden space 203776K, 0% used [0x00000000e0000000,0x00000000e0000000,0x00000000ec700000)
  from space 30208K, 77% used [0x00000000ee700000,0x00000000efde4460,0x00000000f0480000)
  to   space 32768K, 0% used [0x00000000ec700000,0x00000000ec700000,0x00000000ee700000)
 ParOldGen       total 236032K, used 57590K [0x00000000a0000000, 0x00000000ae680000, 0x00000000e0000000)
  object space 236032K, 24% used [0x00000000a0000000,0x00000000a383da70,0x00000000ae680000)
 Metaspace       used 99857K, capacity 108986K, committed 109132K, reserved 1142784K
  class space    used 12795K, capacity 14860K, committed 14976K, reserved 1048576K
}
Event: 12261.588 GC heap before
{Heap before GC invocations=37 (full 4):
 PSYoungGen      total 233984K, used 226910K [0x00000000e0000000, 0x00000000f1080000, 0x0000000100000000)
  eden space 203776K, 99% used [0x00000000e0000000,0x00000000ec6b3580,0x00000000ec700000)
  from space 30208K, 77% used [0x00000000ee700000,0x00000000efde4460,0x00000000f0480000)
  to   space 32768K, 0% used [0x00000000ec700000,0x00000000ec700000,0x00000000ee700000)
 ParOldGen       total 236032K, used 57590K [0x00000000a0000000, 0x00000000ae680000, 0x00000000e0000000)
  object space 236032K, 24% used [0x00000000a0000000,0x00000000a383da70,0x00000000ae680000)
 Metaspace       used 99860K, capacity 108986K, committed 109132K, reserved 1142784K
  class space    used 12795K, capacity 14860K, committed 14976K, reserved 1048576K
Event: 12261.613 GC heap after
Heap after GC invocations=37 (full 4):
 PSYoungGen      total 236544K, used 20296K [0x00000000e0000000, 0x00000000f3580000, 0x0000000100000000)
  eden space 203776K, 0% used [0x00000000e0000000,0x00000000e0000000,0x00000000ec700000)
  from space 32768K, 61% used [0x00000000ec700000,0x00000000edad2350,0x00000000ee700000)
  to   space 32768K, 0% used [0x00000000f1580000,0x00000000f1580000,0x00000000f3580000)
 ParOldGen       total 236032K, used 57598K [0x00000000a0000000, 0x00000000ae680000, 0x00000000e0000000)
  object space 236032K, 24% used [0x00000000a0000000,0x00000000a383fa70,0x00000000ae680000)
 Metaspace       used 99860K, capacity 108986K, committed 109132K, reserved 1142784K
  class space    used 12795K, capacity 14860K, committed 14976K, reserved 1048576K
}

