# JRE version: OpenJDK Runtime Environment (8.0_152-b01) (build 1.8.0_152-release-915-b01)
# Java VM: OpenJDK 64-Bit Server VM (25.152-b01 mixed mode windows-amd64 compressed oops)
Heap:
 PSYoungGen      total 102400K, used 51309K [0x00000000e0000000, 0x00000000e6f00000, 0x0000000100000000)
  eden space 92160K, 46% used [0x00000000e0000000,0x00000000e29eee58,0x00000000e5a00000)
  from space 10240K, 81% used [0x00000000e6480000,0x00000000e6cac790,0x00000000e6e80000)
  to   space 10752K, 0% used [0x00000000e5a00000,0x00000000e5a00000,0x00000000e6480000)
 ParOldGen       total 67584K, used 10977K [0x00000000a0000000, 0x00000000a4200000, 0x00000000e0000000)
  object space 67584K, 16% used [0x00000000a0000000,0x00000000a0ab8650,0x00000000a4200000)
 Metaspace       used 31866K, capacity 32418K, committed 32768K, reserved 1077248K
  class space    used 4336K, capacity 4532K, committed 4608K, reserved 1048576K
GC Heap History (10 events):
Event: 3.001 GC heap before
{Heap before GC invocations=3 (full 0):
 PSYoungGen      total 38400K, used 38375K [0x00000000e0000000, 0x00000000e2a80000, 0x0000000100000000)
  eden space 33280K, 100% used [0x00000000e0000000,0x00000000e2080000,0x00000000e2080000)
  from space 5120K, 99% used [0x00000000e2580000,0x00000000e2a79c38,0x00000000e2a80000)
  to   space 5120K, 0% used [0x00000000e2080000,0x00000000e2080000,0x00000000e2580000)
 ParOldGen       total 87552K, used 1023K [0x00000000a0000000, 0x00000000a5580000, 0x00000000e0000000)
  object space 87552K, 1% used [0x00000000a0000000,0x00000000a00ffdd0,0x00000000a5580000)
 Metaspace       used 15770K, capacity 16080K, committed 16256K, reserved 1062912K
  class space    used 2222K, capacity 2346K, committed 2432K, reserved 1048576K
Event: 3.013 GC heap after
Heap after GC invocations=3 (full 0):
 PSYoungGen      total 38400K, used 5093K [0x00000000e0000000, 0x00000000e4b00000, 0x0000000100000000)
  eden space 33280K, 0% used [0x00000000e0000000,0x00000000e0000000,0x00000000e2080000)
  from space 5120K, 99% used [0x00000000e2080000,0x00000000e2579600,0x00000000e2580000)
  to   space 5120K, 0% used [0x00000000e4600000,0x00000000e4600000,0x00000000e4b00000)
 ParOldGen       total 87552K, used 3915K [0x00000000a0000000, 0x00000000a5580000, 0x00000000e0000000)
  object space 87552K, 4% used [0x00000000a0000000,0x00000000a03d2fb0,0x00000000a5580000)
 Metaspace       used 15770K, capacity 16080K, committed 16256K, reserved 1062912K
  class space    used 2222K, capacity 2346K, committed 2432K, reserved 1048576K
}
Event: 5.049 GC heap before
{Heap before GC invocations=4 (full 0):
 PSYoungGen      total 38400K, used 32558K [0x00000000e0000000, 0x00000000e4b00000, 0x0000000100000000)
  eden space 33280K, 82% used [0x00000000e0000000,0x00000000e1ad2348,0x00000000e2080000)
  from space 5120K, 99% used [0x00000000e2080000,0x00000000e2579600,0x00000000e2580000)
  to   space 5120K, 0% used [0x00000000e4600000,0x00000000e4600000,0x00000000e4b00000)
 ParOldGen       total 87552K, used 3915K [0x00000000a0000000, 0x00000000a5580000, 0x00000000e0000000)
  object space 87552K, 4% used [0x00000000a0000000,0x00000000a03d2fb0,0x00000000a5580000)
 Metaspace       used 20721K, capacity 21130K, committed 21248K, reserved 1067008K
  class space    used 2862K, capacity 3038K, committed 3072K, reserved 1048576K
Event: 5.068 GC heap after
Heap after GC invocations=4 (full 0):
 PSYoungGen      total 71680K, used 5108K [0x00000000e0000000, 0x00000000e4b00000, 0x0000000100000000)
  eden space 66560K, 0% used [0x00000000e0000000,0x00000000e0000000,0x00000000e4100000)
  from space 5120K, 99% used [0x00000000e4600000,0x00000000e4afd020,0x00000000e4b00000)
  to   space 5120K, 0% used [0x00000000e4100000,0x00000000e4100000,0x00000000e4600000)
 ParOldGen       total 87552K, used 7666K [0x00000000a0000000, 0x00000000a5580000, 0x00000000e0000000)
  object space 87552K, 8% used [0x00000000a0000000,0x00000000a077cad0,0x00000000a5580000)
 Metaspace       used 20721K, capacity 21130K, committed 21248K, reserved 1067008K
  class space    used 2862K, capacity 3038K, committed 3072K, reserved 1048576K
}
Event: 5.068 GC heap before
{Heap before GC invocations=5 (full 1):
 PSYoungGen      total 71680K, used 5108K [0x00000000e0000000, 0x00000000e4b00000, 0x0000000100000000)
  eden space 66560K, 0% used [0x00000000e0000000,0x00000000e0000000,0x00000000e4100000)
  from space 5120K, 99% used [0x00000000e4600000,0x00000000e4afd020,0x00000000e4b00000)
  to   space 5120K, 0% used [0x00000000e4100000,0x00000000e4100000,0x00000000e4600000)
 ParOldGen       total 87552K, used 7666K [0x00000000a0000000, 0x00000000a5580000, 0x00000000e0000000)
  object space 87552K, 8% used [0x00000000a0000000,0x00000000a077cad0,0x00000000a5580000)
 Metaspace       used 20721K, capacity 21130K, committed 21248K, reserved 1067008K
  class space    used 2862K, capacity 3038K, committed 3072K, reserved 1048576K
Event: 5.147 GC heap after
Heap after GC invocations=5 (full 1):
 PSYoungGen      total 71680K, used 0K [0x00000000e0000000, 0x00000000e4b00000, 0x0000000100000000)
  eden space 66560K, 0% used [0x00000000e0000000,0x00000000e0000000,0x00000000e4100000)
  from space 5120K, 0% used [0x00000000e4600000,0x00000000e4600000,0x00000000e4b00000)
  to   space 5120K, 0% used [0x00000000e4100000,0x00000000e4100000,0x00000000e4600000)
 ParOldGen       total 67584K, used 8672K [0x00000000a0000000, 0x00000000a4200000, 0x00000000e0000000)
  object space 67584K, 12% used [0x00000000a0000000,0x00000000a08780c0,0x00000000a4200000)
 Metaspace       used 20721K, capacity 21130K, committed 21248K, reserved 1067008K
  class space    used 2862K, capacity 3038K, committed 3072K, reserved 1048576K
}
Event: 6.492 GC heap before
{Heap before GC invocations=6 (full 1):
 PSYoungGen      total 71680K, used 66560K [0x00000000e0000000, 0x00000000e4b00000, 0x0000000100000000)
  eden space 66560K, 100% used [0x00000000e0000000,0x00000000e4100000,0x00000000e4100000)
  from space 5120K, 0% used [0x00000000e4600000,0x00000000e4600000,0x00000000e4b00000)
  to   space 5120K, 0% used [0x00000000e4100000,0x00000000e4100000,0x00000000e4600000)
 ParOldGen       total 67584K, used 8672K [0x00000000a0000000, 0x00000000a4200000, 0x00000000e0000000)
  object space 67584K, 12% used [0x00000000a0000000,0x00000000a08780c0,0x00000000a4200000)
 Metaspace       used 25861K, capacity 26382K, committed 26624K, reserved 1073152K
  class space    used 3542K, capacity 3733K, committed 3840K, reserved 1048576K
Event: 6.505 GC heap after
Heap after GC invocations=6 (full 1):
 PSYoungGen      total 71680K, used 5090K [0x00000000e0000000, 0x00000000e6e80000, 0x0000000100000000)
  eden space 66560K, 0% used [0x00000000e0000000,0x00000000e0000000,0x00000000e4100000)
  from space 5120K, 99% used [0x00000000e4100000,0x00000000e45f8b30,0x00000000e4600000)
  to   space 10240K, 0% used [0x00000000e6480000,0x00000000e6480000,0x00000000e6e80000)
 ParOldGen       total 67584K, used 10905K [0x00000000a0000000, 0x00000000a4200000, 0x00000000e0000000)
  object space 67584K, 16% used [0x00000000a0000000,0x00000000a0aa6640,0x00000000a4200000)
 Metaspace       used 25861K, capacity 26382K, committed 26624K, reserved 1073152K
  class space    used 3542K, capacity 3733K, committed 3840K, reserved 1048576K
}
Event: 8.701 GC heap before
{Heap before GC invocations=7 (full 1):
 PSYoungGen      total 71680K, used 71650K [0x00000000e0000000, 0x00000000e6e80000, 0x0000000100000000)
  eden space 66560K, 100% used [0x00000000e0000000,0x00000000e4100000,0x00000000e4100000)
  from space 5120K, 99% used [0x00000000e4100000,0x00000000e45f8b30,0x00000000e4600000)
  to   space 10240K, 0% used [0x00000000e6480000,0x00000000e6480000,0x00000000e6e80000)
 ParOldGen       total 67584K, used 10905K [0x00000000a0000000, 0x00000000a4200000, 0x00000000e0000000)
  object space 67584K, 16% used [0x00000000a0000000,0x00000000a0aa6640,0x00000000a4200000)
 Metaspace       used 30153K, capacity 30764K, committed 30976K, reserved 1075200K
  class space    used 4108K, capacity 4319K, committed 4352K, reserved 1048576K
Event: 8.719 GC heap after
Heap after GC invocations=7 (full 1):
 PSYoungGen      total 102400K, used 8369K [0x00000000e0000000, 0x00000000e6f00000, 0x0000000100000000)
  eden space 92160K, 0% used [0x00000000e0000000,0x00000000e0000000,0x00000000e5a00000)
  from space 10240K, 81% used [0x00000000e6480000,0x00000000e6cac790,0x00000000e6e80000)
  to   space 10752K, 0% used [0x00000000e5a00000,0x00000000e5a00000,0x00000000e6480000)
 ParOldGen       total 67584K, used 10977K [0x00000000a0000000, 0x00000000a4200000, 0x00000000e0000000)
  object space 67584K, 16% used [0x00000000a0000000,0x00000000a0ab8650,0x00000000a4200000)
 Metaspace       used 30153K, capacity 30764K, committed 30976K, reserved 1075200K
  class space    used 4108K, capacity 4319K, committed 4352K, reserved 1048576K
}

